2017-09-18 16:35:29.681 - INFO 912 --- [main] com.answern.zuul.ZuulApplication         : The following profiles are active: logging,banner,zuul,eureka
-2017-09-18 16:35:29.698 - INFO 912 --- [main] ationConfigEmbeddedWebApplicationContext : Refreshing org.springframework.boot.context.embedded.AnnotationConfigEmbeddedWebApplicationContext@29df4d43: startup date [Mon Sep 18 16:35:29 CST 2017]; parent: org.springframework.context.annotation.AnnotationConfigApplicationContext@1ddf84b8
-2017-09-18 16:35:30.807 - INFO 912 --- [main] o.s.b.f.s.DefaultListableBeanFactory     : Overriding bean definition for bean 'counterFactory' with a different definition: replacing [Root bean: class [null]; scope=; abstract=false; lazyInit=false; autowireMode=3; dependencyCheck=0; autowireCandidate=true; primary=false; factoryBeanName=org.springframework.cloud.netflix.zuul.ZuulServerAutoConfiguration$ZuulMetricsConfiguration; factoryMethodName=counterFactory; initMethodName=null; destroyMethodName=(inferred); defined in class path resource [org/springframework/cloud/netflix/zuul/ZuulServerAutoConfiguration$ZuulMetricsConfiguration.class]] with [Root bean: class [null]; scope=; abstract=false; lazyInit=false; autowireMode=3; dependencyCheck=0; autowireCandidate=true; primary=false; factoryBeanName=org.springframework.cloud.netflix.zuul.ZuulServerAutoConfiguration$ZuulCounterFactoryConfiguration; factoryMethodName=counterFactory; initMethodName=null; destroyMethodName=(inferred); defined in class path resource [org/springframework/cloud/netflix/zuul/ZuulServerAutoConfiguration$ZuulCounterFactoryConfiguration.class]]
-2017-09-18 16:35:31.146 - INFO 912 --- [main] o.s.cloud.context.scope.GenericScope     : BeanFactory id=65218007-7dbf-38ec-b9e1-5ad7311bfd20
-2017-09-18 16:35:31.170 - INFO 912 --- [main] f.a.AutowiredAnnotationBeanPostProcessor : JSR-330 'javax.inject.Inject' annotation found and supported for autowiring
-2017-09-18 16:35:31.340 - INFO 912 --- [main] trationDelegate$BeanPostProcessorChecker : Bean 'org.springframework.cloud.netflix.metrics.MetricsInterceptorConfiguration$MetricsRestTemplateConfiguration' of type [org.springframework.cloud.netflix.metrics.MetricsInterceptorConfiguration$MetricsRestTemplateConfiguration$$EnhancerBySpringCGLIB$$97b5574a] is not eligible for getting processed by all BeanPostProcessors (for example: not eligible for auto-proxying)
-2017-09-18 16:35:31.492 - INFO 912 --- [main] trationDelegate$BeanPostProcessorChecker : Bean 'org.springframework.cloud.autoconfigure.ConfigurationPropertiesRebinderAutoConfiguration' of type [org.springframework.cloud.autoconfigure.ConfigurationPropertiesRebinderAutoConfiguration$$EnhancerBySpringCGLIB$$81a2b406] is not eligible for getting processed by all BeanPostProcessors (for example: not eligible for auto-proxying)
-2017-09-18 16:35:32.146 - INFO 912 --- [main] s.b.c.e.t.TomcatEmbeddedServletContainer : Tomcat initialized with port(s): 9090 (http)
-2017-09-18 16:35:32.155 - INFO 912 --- [main] o.apache.catalina.core.StandardService   : Starting service [Tomcat]
-2017-09-18 16:35:32.156 - INFO 912 --- [main] org.apache.catalina.core.StandardEngine  : Starting Servlet Engine: Apache Tomcat/8.5.16
-2017-09-18 16:35:32.453 - INFO 912 --- [localhost-startStop-1] o.a.c.c.C.[Tomcat].[localhost].[/]       : Initializing Spring embedded WebApplicationContext
-2017-09-18 16:35:32.454 - INFO 912 --- [localhost-startStop-1] o.s.web.context.ContextLoader            : Root WebApplicationContext: initialization completed in 2756 ms
-2017-09-18 16:35:33.665 - INFO 912 --- [localhost-startStop-1] o.s.b.w.servlet.ServletRegistrationBean  : Mapping servlet: 'dispatcherServlet' to [/]
-2017-09-18 16:35:33.673 - INFO 912 --- [localhost-startStop-1] o.s.b.w.servlet.ServletRegistrationBean  : Mapping servlet: 'zuulServlet' to [/zuul/*]
-2017-09-18 16:35:33.678 - INFO 912 --- [localhost-startStop-1] o.s.b.w.servlet.FilterRegistrationBean   : Mapping filter: 'metricsFilter' to: [/*]
-2017-09-18 16:35:33.680 - INFO 912 --- [localhost-startStop-1] o.s.b.w.servlet.FilterRegistrationBean   : Mapping filter: 'characterEncodingFilter' to: [/*]
-2017-09-18 16:35:33.690 - INFO 912 --- [localhost-startStop-1] o.s.b.w.servlet.FilterRegistrationBean   : Mapping filter: 'hiddenHttpMethodFilter' to: [/*]
-2017-09-18 16:35:33.692 - INFO 912 --- [localhost-startStop-1] o.s.b.w.servlet.FilterRegistrationBean   : Mapping filter: 'httpPutFormContentFilter' to: [/*]
-2017-09-18 16:35:33.693 - INFO 912 --- [localhost-startStop-1] o.s.b.w.servlet.FilterRegistrationBean   : Mapping filter: 'requestContextFilter' to: [/*]
-2017-09-18 16:35:33.695 - INFO 912 --- [localhost-startStop-1] o.s.b.w.servlet.FilterRegistrationBean   : Mapping filter: 'webRequestLoggingFilter' to: [/*]
-2017-09-18 16:35:33.697 - INFO 912 --- [localhost-startStop-1] o.s.b.w.servlet.FilterRegistrationBean   : Mapping filter: 'applicationContextIdFilter' to: [/*]
-2017-09-18 16:35:33.817 - WARN 912 --- [main] c.n.c.sources.URLConfigurationSource     : No URLs will be polled as dynamic configuration sources.
-2017-09-18 16:35:33.818 - INFO 912 --- [main] c.n.c.sources.URLConfigurationSource     : To enable URLs as dynamic configuration sources, define System property archaius.configurationSource.additionalUrls or make config.properties available on classpath.
-2017-09-18 16:35:33.827 - INFO 912 --- [main] c.netflix.config.DynamicPropertyFactory  : DynamicPropertyFactory is initialized with configuration sources: com.netflix.config.ConcurrentCompositeConfiguration@3d64c581
-2017-09-18 16:35:34.667 - WARN 912 --- [main] c.n.c.sources.URLConfigurationSource     : No URLs will be polled as dynamic configuration sources.
-2017-09-18 16:35:34.668 - INFO 912 --- [main] c.n.c.sources.URLConfigurationSource     : To enable URLs as dynamic configuration sources, define System property archaius.configurationSource.additionalUrls or make config.properties available on classpath.
-2017-09-18 16:35:34.948 - INFO 912 --- [main] o.a.c.c.C.[Tomcat].[localhost].[/]       : jolokia: No access restrictor found, access to any MBean is allowed
-2017-09-18 16:35:35.347 - INFO 912 --- [main] s.w.s.m.m.a.RequestMappingHandlerAdapter : Looking for @ControllerAdvice: org.springframework.boot.context.embedded.AnnotationConfigEmbeddedWebApplicationContext@29df4d43: startup date [Mon Sep 18 16:35:29 CST 2017]; parent: org.springframework.context.annotation.AnnotationConfigApplicationContext@1ddf84b8
-2017-09-18 16:35:35.508 - INFO 912 --- [main] s.w.s.m.m.a.RequestMappingHandlerMapping : Mapped "{[/error]}" onto public org.springframework.http.ResponseEntity<java.util.Map<java.lang.String, java.lang.Object>> org.springframework.boot.autoconfigure.web.BasicErrorController.error(javax.servlet.http.HttpServletRequest)
-2017-09-18 16:35:35.510 - INFO 912 --- [main] s.w.s.m.m.a.RequestMappingHandlerMapping : Mapped "{[/error],produces=[text/html]}" onto public org.springframework.web.servlet.ModelAndView org.springframework.boot.autoconfigure.web.BasicErrorController.errorHtml(javax.servlet.http.HttpServletRequest,javax.servlet.http.HttpServletResponse)
-2017-09-18 16:35:35.589 - INFO 912 --- [main] o.s.w.s.handler.SimpleUrlHandlerMapping  : Mapped URL path [/webjars/**] onto handler of type [class org.springframework.web.servlet.resource.ResourceHttpRequestHandler]
-2017-09-18 16:35:35.591 - INFO 912 --- [main] o.s.w.s.handler.SimpleUrlHandlerMapping  : Mapped URL path [/**] onto handler of type [class org.springframework.web.servlet.resource.ResourceHttpRequestHandler]
-2017-09-18 16:35:35.644 - INFO 912 --- [main] o.s.w.s.handler.SimpleUrlHandlerMapping  : Mapped URL path [/**/favicon.ico] onto handler of type [class org.springframework.web.servlet.resource.ResourceHttpRequestHandler]
-2017-09-18 16:35:36.760 - INFO 912 --- [main] o.s.b.a.e.mvc.EndpointHandlerMapping     : Mapped "{[/autoconfig || /autoconfig.json],methods=[GET],produces=[application/vnd.spring-boot.actuator.v1+json || application/json]}" onto public java.lang.Object org.springframework.boot.actuate.endpoint.mvc.EndpointMvcAdapter.invoke()
-2017-09-18 16:35:36.761 - INFO 912 --- [main] o.s.b.a.e.mvc.EndpointHandlerMapping     : Mapped "{[/env/{name:.*}],methods=[GET],produces=[application/vnd.spring-boot.actuator.v1+json || application/json]}" onto public java.lang.Object org.springframework.boot.actuate.endpoint.mvc.EnvironmentMvcEndpoint.value(java.lang.String)
-2017-09-18 16:35:36.762 - INFO 912 --- [main] o.s.b.a.e.mvc.EndpointHandlerMapping     : Mapped "{[/env || /env.json],methods=[GET],produces=[application/vnd.spring-boot.actuator.v1+json || application/json]}" onto public java.lang.Object org.springframework.boot.actuate.endpoint.mvc.EndpointMvcAdapter.invoke()
-2017-09-18 16:35:36.764 - INFO 912 --- [main] o.s.b.a.e.mvc.EndpointHandlerMapping     : Mapped "{[/restart || /restart.json],methods=[POST]}" onto public java.lang.Object org.springframework.cloud.context.restart.RestartMvcEndpoint.invoke()
-2017-09-18 16:35:36.768 - INFO 912 --- [main] o.s.b.a.e.mvc.EndpointHandlerMapping     : Mapped "{[/pause || /pause.json],methods=[POST]}" onto public java.lang.Object org.springframework.cloud.endpoint.GenericPostableMvcEndpoint.invoke()
-2017-09-18 16:35:36.769 - INFO 912 --- [main] o.s.b.a.e.mvc.EndpointHandlerMapping     : Mapped "{[/features || /features.json],methods=[GET],produces=[application/vnd.spring-boot.actuator.v1+json || application/json]}" onto public java.lang.Object org.springframework.boot.actuate.endpoint.mvc.EndpointMvcAdapter.invoke()
-2017-09-18 16:35:36.771 - INFO 912 --- [main] o.s.b.a.e.mvc.EndpointHandlerMapping     : Mapped "{[/trace || /trace.json],methods=[GET],produces=[application/vnd.spring-boot.actuator.v1+json || application/json]}" onto public java.lang.Object org.springframework.boot.actuate.endpoint.mvc.EndpointMvcAdapter.invoke()
-2017-09-18 16:35:36.773 - INFO 912 --- [main] o.s.b.a.e.mvc.EndpointHandlerMapping     : Mapped "{[/resume || /resume.json],methods=[POST]}" onto public java.lang.Object org.springframework.cloud.endpoint.GenericPostableMvcEndpoint.invoke()
-2017-09-18 16:35:36.775 - INFO 912 --- [main] o.s.b.a.e.mvc.EndpointHandlerMapping     : Mapped "{[/routes || /routes.json],methods=[POST]}" onto public java.lang.Object org.springframework.cloud.netflix.zuul.RoutesMvcEndpoint.reset()
-2017-09-18 16:35:36.776 - INFO 912 --- [main] o.s.b.a.e.mvc.EndpointHandlerMapping     : Mapped "{[/routes || /routes.json],methods=[GET],produces=[application/vnd.spring-boot.actuator.v1+json || application/json]}" onto public java.lang.Object org.springframework.boot.actuate.endpoint.mvc.EndpointMvcAdapter.invoke()
-2017-09-18 16:35:36.777 - INFO 912 --- [main] o.s.b.a.e.mvc.EndpointHandlerMapping     : Mapped "{[/heapdump || /heapdump.json],methods=[GET],produces=[application/octet-stream]}" onto public void org.springframework.boot.actuate.endpoint.mvc.HeapdumpMvcEndpoint.invoke(boolean,javax.servlet.http.HttpServletRequest,javax.servlet.http.HttpServletResponse) throws java.io.IOException,javax.servlet.ServletException
-2017-09-18 16:35:36.779 - INFO 912 --- [main] o.s.b.a.e.mvc.EndpointHandlerMapping     : Mapped "{[/hystrix.stream/**]}" onto public org.springframework.web.servlet.ModelAndView org.springframework.cloud.netflix.endpoint.ServletWrappingEndpoint.handle(javax.servlet.http.HttpServletRequest,javax.servlet.http.HttpServletResponse) throws java.lang.Exception
-2017-09-18 16:35:36.781 - INFO 912 --- [main] o.s.b.a.e.mvc.EndpointHandlerMapping     : Mapped "{[/health || /health.json],methods=[GET],produces=[application/vnd.spring-boot.actuator.v1+json || application/json]}" onto public java.lang.Object org.springframework.boot.actuate.endpoint.mvc.HealthMvcEndpoint.invoke(javax.servlet.http.HttpServletRequest,java.security.Principal)
-2017-09-18 16:35:36.787 - INFO 912 --- [main] o.s.b.a.e.mvc.EndpointHandlerMapping     : Mapped "{[/loggers/{name:.*}],methods=[GET],produces=[application/vnd.spring-boot.actuator.v1+json || application/json]}" onto public java.lang.Object org.springframework.boot.actuate.endpoint.mvc.LoggersMvcEndpoint.get(java.lang.String)
-2017-09-18 16:35:36.787 - INFO 912 --- [main] o.s.b.a.e.mvc.EndpointHandlerMapping     : Mapped "{[/loggers/{name:.*}],methods=[POST],consumes=[application/vnd.spring-boot.actuator.v1+json || application/json],produces=[application/vnd.spring-boot.actuator.v1+json || application/json]}" onto public java.lang.Object org.springframework.boot.actuate.endpoint.mvc.LoggersMvcEndpoint.set(java.lang.String,java.util.Map<java.lang.String, java.lang.String>)
-2017-09-18 16:35:36.787 - INFO 912 --- [main] o.s.b.a.e.mvc.EndpointHandlerMapping     : Mapped "{[/loggers || /loggers.json],methods=[GET],produces=[application/vnd.spring-boot.actuator.v1+json || application/json]}" onto public java.lang.Object org.springframework.boot.actuate.endpoint.mvc.EndpointMvcAdapter.invoke()
-2017-09-18 16:35:36.790 - INFO 912 --- [main] o.s.b.a.e.mvc.EndpointHandlerMapping     : Mapped "{[/metrics/{name:.*}],methods=[GET],produces=[application/vnd.spring-boot.actuator.v1+json || application/json]}" onto public java.lang.Object org.springframework.boot.actuate.endpoint.mvc.MetricsMvcEndpoint.value(java.lang.String)
-2017-09-18 16:35:36.791 - INFO 912 --- [main] o.s.b.a.e.mvc.EndpointHandlerMapping     : Mapped "{[/metrics || /metrics.json],methods=[GET],produces=[application/vnd.spring-boot.actuator.v1+json || application/json]}" onto public java.lang.Object org.springframework.boot.actuate.endpoint.mvc.EndpointMvcAdapter.invoke()
-2017-09-18 16:35:36.793 - INFO 912 --- [main] o.s.b.a.e.mvc.EndpointHandlerMapping     : Mapped "{[/auditevents || /auditevents.json],methods=[GET],produces=[application/vnd.spring-boot.actuator.v1+json || application/json]}" onto public org.springframework.http.ResponseEntity<?> org.springframework.boot.actuate.endpoint.mvc.AuditEventsMvcEndpoint.findByPrincipalAndAfterAndType(java.lang.String,java.util.Date,java.lang.String)
-2017-09-18 16:35:36.794 - INFO 912 --- [main] o.s.b.a.e.mvc.EndpointHandlerMapping     : Mapped "{[/configprops || /configprops.json],methods=[GET],produces=[application/vnd.spring-boot.actuator.v1+json || application/json]}" onto public java.lang.Object org.springframework.boot.actuate.endpoint.mvc.EndpointMvcAdapter.invoke()
-2017-09-18 16:35:36.797 - INFO 912 --- [main] o.s.b.a.e.mvc.EndpointHandlerMapping     : Mapped "{[/env],methods=[POST]}" onto public java.lang.Object org.springframework.cloud.context.environment.EnvironmentManagerMvcEndpoint.value(java.util.Map<java.lang.String, java.lang.String>)
-2017-09-18 16:35:36.799 - INFO 912 --- [main] o.s.b.a.e.mvc.EndpointHandlerMapping     : Mapped "{[/env/reset],methods=[POST]}" onto public java.util.Map<java.lang.String, java.lang.Object> org.springframework.cloud.context.environment.EnvironmentManagerMvcEndpoint.reset()
-2017-09-18 16:35:36.800 - INFO 912 --- [main] o.s.b.a.e.mvc.EndpointHandlerMapping     : Mapped "{[/refresh || /refresh.json],methods=[POST]}" onto public java.lang.Object org.springframework.cloud.endpoint.GenericPostableMvcEndpoint.invoke()
-2017-09-18 16:35:36.803 - INFO 912 --- [main] o.s.b.a.e.mvc.EndpointHandlerMapping     : Mapped "{[/jolokia/**]}" onto public org.springframework.web.servlet.ModelAndView org.springframework.boot.actuate.endpoint.mvc.JolokiaMvcEndpoint.handle(javax.servlet.http.HttpServletRequest,javax.servlet.http.HttpServletResponse) throws java.lang.Exception
-2017-09-18 16:35:36.808 - INFO 912 --- [main] o.s.b.a.e.mvc.EndpointHandlerMapping     : Mapped "{[/logfile || /logfile.json],methods=[GET || HEAD]}" onto public void org.springframework.boot.actuate.endpoint.mvc.LogFileMvcEndpoint.invoke(javax.servlet.http.HttpServletRequest,javax.servlet.http.HttpServletResponse) throws javax.servlet.ServletException,java.io.IOException
-2017-09-18 16:35:36.808 - INFO 912 --- [main] o.s.b.a.e.mvc.EndpointHandlerMapping     : Mapped "{[/service-registry/instance-status],methods=[POST]}" onto public org.springframework.http.ResponseEntity<?> org.springframework.cloud.client.serviceregistry.endpoint.ServiceRegistryEndpoint.setStatus(java.lang.String)
-2017-09-18 16:35:36.809 - INFO 912 --- [main] o.s.b.a.e.mvc.EndpointHandlerMapping     : Mapped "{[/service-registry/instance-status],methods=[GET]}" onto public org.springframework.http.ResponseEntity org.springframework.cloud.client.serviceregistry.endpoint.ServiceRegistryEndpoint.getStatus()
-2017-09-18 16:35:36.810 - INFO 912 --- [main] o.s.b.a.e.mvc.EndpointHandlerMapping     : Mapped "{[/info || /info.json],methods=[GET],produces=[application/vnd.spring-boot.actuator.v1+json || application/json]}" onto public java.lang.Object org.springframework.boot.actuate.endpoint.mvc.EndpointMvcAdapter.invoke()
-2017-09-18 16:35:36.814 - INFO 912 --- [main] o.s.b.a.e.mvc.EndpointHandlerMapping     : Mapped "{[/archaius || /archaius.json],methods=[GET],produces=[application/vnd.spring-boot.actuator.v1+json || application/json]}" onto public java.lang.Object org.springframework.boot.actuate.endpoint.mvc.EndpointMvcAdapter.invoke()
-2017-09-18 16:35:36.815 - INFO 912 --- [main] o.s.b.a.e.mvc.EndpointHandlerMapping     : Mapped "{[/dump || /dump.json],methods=[GET],produces=[application/vnd.spring-boot.actuator.v1+json || application/json]}" onto public java.lang.Object org.springframework.boot.actuate.endpoint.mvc.EndpointMvcAdapter.invoke()
-2017-09-18 16:35:36.817 - INFO 912 --- [main] o.s.b.a.e.mvc.EndpointHandlerMapping     : Mapped "{[/mappings || /mappings.json],methods=[GET],produces=[application/vnd.spring-boot.actuator.v1+json || application/json]}" onto public java.lang.Object org.springframework.boot.actuate.endpoint.mvc.EndpointMvcAdapter.invoke()
-2017-09-18 16:35:36.820 - INFO 912 --- [main] o.s.b.a.e.mvc.EndpointHandlerMapping     : Mapped "{[/beans || /beans.json],methods=[GET],produces=[application/vnd.spring-boot.actuator.v1+json || application/json]}" onto public java.lang.Object org.springframework.boot.actuate.endpoint.mvc.EndpointMvcAdapter.invoke()
-2017-09-18 16:35:37.658 - INFO 912 --- [main] o.s.c.n.zuul.ZuulFilterInitializer       : Starting filter initializer
-2017-09-18 16:35:37.727 - INFO 912 --- [main] o.s.j.e.a.AnnotationMBeanExporter        : Registering beans for JMX exposure on startup
-2017-09-18 16:35:37.745 - INFO 912 --- [main] o.s.j.e.a.AnnotationMBeanExporter        : Bean with name 'environmentManager' has been autodetected for JMX exposure
-2017-09-18 16:35:37.748 - INFO 912 --- [main] o.s.j.e.a.AnnotationMBeanExporter        : Bean with name 'configurationPropertiesRebinder' has been autodetected for JMX exposure
-2017-09-18 16:35:37.751 - INFO 912 --- [main] o.s.j.e.a.AnnotationMBeanExporter        : Bean with name 'refreshEndpoint' has been autodetected for JMX exposure
-2017-09-18 16:35:37.753 - INFO 912 --- [main] o.s.j.e.a.AnnotationMBeanExporter        : Bean with name 'restartEndpoint' has been autodetected for JMX exposure
-2017-09-18 16:35:37.757 - INFO 912 --- [main] o.s.j.e.a.AnnotationMBeanExporter        : Bean with name 'serviceRegistryEndpoint' has been autodetected for JMX exposure
-2017-09-18 16:35:37.760 - INFO 912 --- [main] o.s.j.e.a.AnnotationMBeanExporter        : Bean with name 'zuulEndpoint' has been autodetected for JMX exposure
-2017-09-18 16:35:37.763 - INFO 912 --- [main] o.s.j.e.a.AnnotationMBeanExporter        : Bean with name 'zuulMvcEndpoint' has been autodetected for JMX exposure
-2017-09-18 16:35:37.764 - INFO 912 --- [main] o.s.j.e.a.AnnotationMBeanExporter        : Bean with name 'refreshScope' has been autodetected for JMX exposure
-2017-09-18 16:35:37.768 - INFO 912 --- [main] o.s.j.e.a.AnnotationMBeanExporter        : Located managed bean 'environmentManager': registering with JMX server as MBean [org.springframework.cloud.context.environment:name=environmentManager,type=EnvironmentManager]
-2017-09-18 16:35:37.789 - INFO 912 --- [main] o.s.j.e.a.AnnotationMBeanExporter        : Located managed bean 'zuulMvcEndpoint': registering with JMX server as MBean [org.springframework.cloud.netflix.zuul:name=zuulMvcEndpoint,type=RoutesMvcEndpoint]
-2017-09-18 16:35:37.810 - INFO 912 --- [main] o.s.j.e.a.AnnotationMBeanExporter        : Located managed bean 'restartEndpoint': registering with JMX server as MBean [org.springframework.cloud.context.restart:name=restartEndpoint,type=RestartEndpoint]
-2017-09-18 16:35:37.825 - INFO 912 --- [main] o.s.j.e.a.AnnotationMBeanExporter        : Located managed bean 'serviceRegistryEndpoint': registering with JMX server as MBean [org.springframework.cloud.client.serviceregistry.endpoint:name=serviceRegistryEndpoint,type=ServiceRegistryEndpoint]
-2017-09-18 16:35:37.829 - INFO 912 --- [main] o.s.j.e.a.AnnotationMBeanExporter        : Located managed bean 'refreshScope': registering with JMX server as MBean [org.springframework.cloud.context.scope.refresh:name=refreshScope,type=RefreshScope]
-2017-09-18 16:35:37.839 - INFO 912 --- [main] o.s.j.e.a.AnnotationMBeanExporter        : Located managed bean 'zuulEndpoint': registering with JMX server as MBean [org.springframework.cloud.netflix.zuul:name=zuulEndpoint,type=RoutesEndpoint]
-2017-09-18 16:35:37.841 - WARN 912 --- [main] o.s.j.e.a.AnnotationMBeanExporter        : Bean with key 'zuulEndpoint' has been registered as an MBean but has no exposed attributes or operations
-2017-09-18 16:35:37.844 - INFO 912 --- [main] o.s.j.e.a.AnnotationMBeanExporter        : Located managed bean 'configurationPropertiesRebinder': registering with JMX server as MBean [org.springframework.cloud.context.properties:name=configurationPropertiesRebinder,context=29df4d43,type=ConfigurationPropertiesRebinder]
-2017-09-18 16:35:37.849 - INFO 912 --- [main] o.s.j.e.a.AnnotationMBeanExporter        : Located managed bean 'refreshEndpoint': registering with JMX server as MBean [org.springframework.cloud.endpoint:name=refreshEndpoint,type=RefreshEndpoint]
-2017-09-18 16:35:38.171 - INFO 912 --- [main] o.a.c.c.C.[Tomcat].[localhost].[/]       : jolokia: No access restrictor found, access to any MBean is allowed
-2017-09-18 16:35:38.176 - INFO 912 --- [main] o.a.c.c.C.[Tomcat].[localhost].[/]       : jolokia: jolokia:type=Config is already registered. Adding it with jolokia:type=Config,uuid=c296ae24-e038-4f70-8021-166dd308fdcf, but you should revise your setup in order to either use a qualifier or ensure, that only a single agent gets registered (otherwise history functionality might not work)
-2017-09-18 16:35:38.178 - INFO 912 --- [main] o.a.c.c.C.[Tomcat].[localhost].[/]       : jolokia: Cannot register (legacy) MBean handler for config store with name jmx4perl:type=Config since it already exists. This is the case if another agent has been already started within the same JVM. The registration is skipped.
-2017-09-18 16:35:38.180 - INFO 912 --- [main] o.a.c.c.C.[Tomcat].[localhost].[/]       : jolokia: Jolokia Discovery MBean registration is skipped because there is already one registered.
-2017-09-18 16:35:38.232 - INFO 912 --- [main] o.s.c.support.DefaultLifecycleProcessor  : Starting beans in phase 0
-2017-09-18 16:35:38.244 - INFO 912 --- [main] o.s.c.n.eureka.InstanceInfoFactory       : Setting initial instance status as: STARTING
-2017-09-18 16:35:38.282 - INFO 912 --- [main] com.netflix.discovery.DiscoveryClient    : Initializing Eureka in region claimsChannel
-2017-09-18 16:35:38.379 - INFO 912 --- [main] c.n.d.provider.DiscoveryJerseyProvider   : Using JSON encoding codec LegacyJacksonJson
-2017-09-18 16:35:38.380 - INFO 912 --- [main] c.n.d.provider.DiscoveryJerseyProvider   : Using JSON decoding codec LegacyJacksonJson
-2017-09-18 16:35:38.485 - INFO 912 --- [main] c.n.d.provider.DiscoveryJerseyProvider   : Using XML encoding codec XStreamXml
-2017-09-18 16:35:38.486 - INFO 912 --- [main] c.n.d.provider.DiscoveryJerseyProvider   : Using XML decoding codec XStreamXml
-2017-09-18 16:35:38.655 - INFO 912 --- [main] c.n.d.s.r.aws.ConfigClusterResolver      : Resolving eureka endpoints via configuration
-2017-09-18 16:35:38.828 - INFO 912 --- [main] com.netflix.discovery.DiscoveryClient    : Disable delta property : false
-2017-09-18 16:35:38.829 - INFO 912 --- [main] com.netflix.discovery.DiscoveryClient    : Single vip registry refresh property : null
-2017-09-18 16:35:38.829 - INFO 912 --- [main] com.netflix.discovery.DiscoveryClient    : Force full registry fetch : false
-2017-09-18 16:35:38.829 - INFO 912 --- [main] com.netflix.discovery.DiscoveryClient    : Application is null : false
-2017-09-18 16:35:38.829 - INFO 912 --- [main] com.netflix.discovery.DiscoveryClient    : Registered Applications size is zero : true
-2017-09-18 16:35:38.829 - INFO 912 --- [main] com.netflix.discovery.DiscoveryClient    : Application version is -1: true
-2017-09-18 16:35:38.829 - INFO 912 --- [main] com.netflix.discovery.DiscoveryClient    : Getting all instance registry info from the eureka server
-2017-09-18 16:35:38.978 - INFO 912 --- [main] com.netflix.discovery.DiscoveryClient    : The response status is 200
-2017-09-18 16:35:38.979 - INFO 912 --- [main] com.netflix.discovery.DiscoveryClient    : Starting heartbeat executor: renew interval is: 30
-2017-09-18 16:35:38.983 - INFO 912 --- [main] c.n.discovery.InstanceInfoReplicator     : InstanceInfoReplicator onDemand update allowed rate per min is 4
-2017-09-18 16:35:38.986 - INFO 912 --- [main] com.netflix.discovery.DiscoveryClient    : Discovery Client initialized at timestamp 1505723738985 with initial instances count: 1
-2017-09-18 16:35:39.108 - INFO 912 --- [main] o.s.c.n.e.s.EurekaServiceRegistry        : Registering application gateway-zuul with eureka with status UP
-2017-09-18 16:35:39.110 - INFO 912 --- [main] com.netflix.discovery.DiscoveryClient    : Saw local status change event StatusChangeEvent [timestamp=1505723739110, current=UP, previous=STARTING]
-2017-09-18 16:35:39.113 - INFO 912 --- [DiscoveryClient-InstanceInfoReplicator-0] com.netflix.discovery.DiscoveryClient    : DiscoveryClient_GATEWAY-ZUUL/192.168.45.231:gateway-zuul:9090: registering service...
-2017-09-18 16:35:39.149 - INFO 912 --- [DiscoveryClient-InstanceInfoReplicator-0] com.netflix.discovery.DiscoveryClient    : DiscoveryClient_GATEWAY-ZUUL/192.168.45.231:gateway-zuul:9090 - registration status: 204
-2017-09-18 16:35:39.187 - INFO 912 --- [main] o.s.c.support.DefaultLifecycleProcessor  : Starting beans in phase 2147483647
-2017-09-18 16:35:39.193 - INFO 912 --- [main] ration$HystrixMetricsPollerConfiguration : Starting poller
-2017-09-18 16:35:39.285 - INFO 912 --- [main] s.b.c.e.t.TomcatEmbeddedServletContainer : Tomcat started on port(s): 9090 (http)
-2017-09-18 16:35:39.287 - INFO 912 --- [main] .s.c.n.e.s.EurekaAutoServiceRegistration : Updating port to 9090
-2017-09-18 16:35:39.291 - INFO 912 --- [main] com.answern.zuul.ZuulApplication         : Started ZuulApplication in 12.345 seconds (JVM running for 12.757)
-2017-09-18 16:36:01.807 - INFO 912 --- [http-nio-9090-exec-1] o.a.c.c.C.[Tomcat].[localhost].[/]       : Initializing Spring FrameworkServlet 'dispatcherServlet'
-2017-09-18 16:36:01.807 - INFO 912 --- [http-nio-9090-exec-1] o.s.web.servlet.DispatcherServlet        : FrameworkServlet 'dispatcherServlet': initialization started
-2017-09-18 16:36:01.844 - INFO 912 --- [http-nio-9090-exec-1] o.s.web.servlet.DispatcherServlet        : FrameworkServlet 'dispatcherServlet': initialization completed in 36 ms
-2017-09-18 16:36:01.865 - INFO 912 --- [http-nio-9090-exec-1] o.s.c.n.zuul.web.ZuulHandlerMapping      : Mapped URL path [/josnToXml/**] onto handler of type [class org.springframework.cloud.netflix.zuul.web.ZuulController]
-2017-09-18 16:36:01.865 - INFO 912 --- [http-nio-9090-exec-1] o.s.c.n.zuul.web.ZuulHandlerMapping      : Mapped URL path [/api-b/**] onto handler of type [class org.springframework.cloud.netflix.zuul.web.ZuulController]
-2017-09-18 16:36:01.903 - INFO 912 --- [http-nio-9090-exec-1] com.answern.zuul.filter.LoggerFilter     : LoggerFilter Filter Type pre, request from http://localhost/josnToXml/demo/index?null,queryString==
-2017-09-18 16:36:01.904 - INFO 912 --- [http-nio-9090-exec-1] com.answern.zuul.filter.LoggerFilter     : ===LoggerFilter=====Print head information start ==================================
-2017-09-18 16:36:01.904 - INFO 912 --- [http-nio-9090-exec-1] com.answern.zuul.filter.LoggerFilter     : host:localhost:9090
-2017-09-18 16:36:01.904 - INFO 912 --- [http-nio-9090-exec-1] com.answern.zuul.filter.LoggerFilter     : connection:keep-alive
-2017-09-18 16:36:01.904 - INFO 912 --- [http-nio-9090-exec-1] com.answern.zuul.filter.LoggerFilter     : cache-control:max-age=0
-2017-09-18 16:36:01.904 - INFO 912 --- [http-nio-9090-exec-1] com.answern.zuul.filter.LoggerFilter     : user-agent:Mozilla/5.0 (Windows NT 10.0; Win64; x64) AppleWebKit/537.36 (KHTML, like Gecko) Chrome/61.0.3163.91 Safari/537.36
-2017-09-18 16:36:01.904 - INFO 912 --- [http-nio-9090-exec-1] com.answern.zuul.filter.LoggerFilter     : upgrade-insecure-requests:1
-2017-09-18 16:36:01.904 - INFO 912 --- [http-nio-9090-exec-1] com.answern.zuul.filter.LoggerFilter     : accept:text/html,application/xhtml+xml,application/xml;q=0.9,image/webp,image/apng,*/*;q=0.8
-2017-09-18 16:36:01.904 - INFO 912 --- [http-nio-9090-exec-1] com.answern.zuul.filter.LoggerFilter     : accept-encoding:gzip, deflate, br
-2017-09-18 16:36:01.904 - INFO 912 --- [http-nio-9090-exec-1] com.answern.zuul.filter.LoggerFilter     : accept-language:zh-CN,zh;q=0.8
-2017-09-18 16:36:01.904 - INFO 912 --- [http-nio-9090-exec-1] com.answern.zuul.filter.LoggerFilter     : ===LoggerFilter===Print head information end ==================================
-2017-09-18 16:36:01.905 - INFO 912 --- [http-nio-9090-exec-1] com.answern.zuul.filter.JosnToXmlFilter  : JosnToXmlFilter Filter Type pre, request from http://localhost/josnToXml/demo/index?null,queryString==
-2017-09-18 16:36:01.905 - INFO 912 --- [http-nio-9090-exec-1] com.answern.zuul.filter.JosnToXmlFilter  : ===JosnToXmlFilter=Print head information start ==================================
-2017-09-18 16:36:01.906 - INFO 912 --- [http-nio-9090-exec-1] com.answern.zuul.filter.JosnToXmlFilter  : host:localhost:9090
-2017-09-18 16:36:01.906 - INFO 912 --- [http-nio-9090-exec-1] com.answern.zuul.filter.JosnToXmlFilter  : connection:keep-alive
-2017-09-18 16:36:01.906 - INFO 912 --- [http-nio-9090-exec-1] com.answern.zuul.filter.JosnToXmlFilter  : cache-control:max-age=0
-2017-09-18 16:36:01.906 - INFO 912 --- [http-nio-9090-exec-1] com.answern.zuul.filter.JosnToXmlFilter  : user-agent:Mozilla/5.0 (Windows NT 10.0; Win64; x64) AppleWebKit/537.36 (KHTML, like Gecko) Chrome/61.0.3163.91 Safari/537.36
-2017-09-18 16:36:01.906 - INFO 912 --- [http-nio-9090-exec-1] com.answern.zuul.filter.JosnToXmlFilter  : upgrade-insecure-requests:1
-2017-09-18 16:36:01.906 - INFO 912 --- [http-nio-9090-exec-1] com.answern.zuul.filter.JosnToXmlFilter  : accept:text/html,application/xhtml+xml,application/xml;q=0.9,image/webp,image/apng,*/*;q=0.8
-2017-09-18 16:36:01.906 - INFO 912 --- [http-nio-9090-exec-1] com.answern.zuul.filter.JosnToXmlFilter  : accept-encoding:gzip, deflate, br
-2017-09-18 16:36:01.906 - INFO 912 --- [http-nio-9090-exec-1] com.answern.zuul.filter.JosnToXmlFilter  : accept-language:zh-CN,zh;q=0.8
-2017-09-18 16:36:01.906 - INFO 912 --- [http-nio-9090-exec-1] com.answern.zuul.filter.JosnToXmlFilter  : ===JosnToXmlFilter=Print head information end ==================================
-2017-09-18 16:36:01.919 - INFO 912 --- [http-nio-9090-exec-1] s.c.a.AnnotationConfigApplicationContext : Refreshing org.springframework.context.annotation.AnnotationConfigApplicationContext@2271f312: startup date [Mon Sep 18 16:36:01 CST 2017]; parent: org.springframework.boot.context.embedded.AnnotationConfigEmbeddedWebApplicationContext@29df4d43
-2017-09-18 16:36:01.966 - INFO 912 --- [http-nio-9090-exec-1] f.a.AutowiredAnnotationBeanPostProcessor : JSR-330 'javax.inject.Inject' annotation found and supported for autowiring
-2017-09-18 16:36:02.128 - INFO 912 --- [http-nio-9090-exec-1] c.netflix.config.ChainedDynamicProperty  : Flipping property: claims-channel-server.ribbon.ActiveConnectionsLimit to use NEXT property: niws.loadbalancer.availabilityFilteringRule.activeConnectionsLimit = 2147483647
-2017-09-18 16:36:02.151 - INFO 912 --- [http-nio-9090-exec-1] c.n.u.concurrent.ShutdownEnabledTimer    : Shutdown hook installed for: NFLoadBalancer-PingTimer-claims-channel-server
-2017-09-18 16:36:02.172 - INFO 912 --- [http-nio-9090-exec-1] c.netflix.loadbalancer.BaseLoadBalancer  : Client: claims-channel-server instantiated a LoadBalancer: DynamicServerListLoadBalancer:{NFLoadBalancer:name=claims-channel-server,current list of Servers=[],Load balancer stats=Zone stats: {},Server stats: []}ServerList:null
-2017-09-18 16:36:02.177 - INFO 912 --- [http-nio-9090-exec-1] c.n.l.DynamicServerListLoadBalancer      : Using serverListUpdater PollingServerListUpdater
-2017-09-18 16:36:02.202 - INFO 912 --- [http-nio-9090-exec-1] c.netflix.config.ChainedDynamicProperty  : Flipping property: claims-channel-server.ribbon.ActiveConnectionsLimit to use NEXT property: niws.loadbalancer.availabilityFilteringRule.activeConnectionsLimit = 2147483647
-2017-09-18 16:36:02.203 - INFO 912 --- [http-nio-9090-exec-1] c.n.l.DynamicServerListLoadBalancer      : DynamicServerListLoadBalancer for client claims-channel-server initialized: DynamicServerListLoadBalancer:{NFLoadBalancer:name=claims-channel-server,current list of Servers=[192.168.45.231:8081],Load balancer stats=Zone stats: {defaultzone=[Zone:defaultzone;	Instance count:1;	Active connections count: 0;	Circuit breaker tripped count: 0;	Active connections per server: 0.0;]
},Server stats: [[Server:192.168.45.231:8081;	Zone:defaultZone;	Total Requests:0;	Successive connection failure:0;	Total blackout seconds:0;	Last connection made:Thu Jan 01 08:00:00 CST 1970;	First connection made: Thu Jan 01 08:00:00 CST 1970;	Active Connections:0;	total failure count in last (1000) msecs:0;	average resp time:0.0;	90 percentile resp time:0.0;	95 percentile resp time:0.0;	min resp time:0.0;	max resp time:0.0;	stddev resp time:0.0]
]}ServerList:org.springframework.cloud.netflix.ribbon.eureka.DomainExtractingServerList@13430d65
-2017-09-18 16:36:02.468 - INFO 912 --- [http-nio-9090-exec-1] com.answern.zuul.filter.LoggerFilter     : LoggerFilter Filter Type post, request from http://localhost/josnToXml/demo/index?null,queryString==
-2017-09-18 16:36:02.468 - INFO 912 --- [http-nio-9090-exec-1] com.answern.zuul.filter.LoggerFilter     : ===LoggerFilter=====Print head information start ==================================
-2017-09-18 16:36:02.468 - INFO 912 --- [http-nio-9090-exec-1] com.answern.zuul.filter.LoggerFilter     : host:localhost:9090
-2017-09-18 16:36:02.468 - INFO 912 --- [http-nio-9090-exec-1] com.answern.zuul.filter.LoggerFilter     : connection:keep-alive
-2017-09-18 16:36:02.468 - INFO 912 --- [http-nio-9090-exec-1] com.answern.zuul.filter.LoggerFilter     : cache-control:max-age=0
-2017-09-18 16:36:02.468 - INFO 912 --- [http-nio-9090-exec-1] com.answern.zuul.filter.LoggerFilter     : user-agent:Mozilla/5.0 (Windows NT 10.0; Win64; x64) AppleWebKit/537.36 (KHTML, like Gecko) Chrome/61.0.3163.91 Safari/537.36
-2017-09-18 16:36:02.468 - INFO 912 --- [http-nio-9090-exec-1] com.answern.zuul.filter.LoggerFilter     : upgrade-insecure-requests:1
-2017-09-18 16:36:02.468 - INFO 912 --- [http-nio-9090-exec-1] com.answern.zuul.filter.LoggerFilter     : accept:text/html,application/xhtml+xml,application/xml;q=0.9,image/webp,image/apng,*/*;q=0.8
-2017-09-18 16:36:02.468 - INFO 912 --- [http-nio-9090-exec-1] com.answern.zuul.filter.LoggerFilter     : accept-encoding:gzip, deflate, br
-2017-09-18 16:36:02.469 - INFO 912 --- [http-nio-9090-exec-1] com.answern.zuul.filter.LoggerFilter     : accept-language:zh-CN,zh;q=0.8
-2017-09-18 16:36:02.469 - INFO 912 --- [http-nio-9090-exec-1] com.answern.zuul.filter.LoggerFilter     : ===LoggerFilter===Print head information end ==================================
-2017-09-18 16:36:03.182 - INFO 912 --- [PollingServerListUpdater-0] c.netflix.config.ChainedDynamicProperty  : Flipping property: claims-channel-server.ribbon.ActiveConnectionsLimit to use NEXT property: niws.loadbalancer.availabilityFilteringRule.activeConnectionsLimit = 2147483647
-2017-09-18 16:36:05.139 - INFO 912 --- [http-nio-9090-exec-2] com.answern.zuul.filter.LoggerFilter     : LoggerFilter Filter Type pre, request from http://localhost/api-b/demo/index?null,queryString==
-2017-09-18 16:36:05.139 - INFO 912 --- [http-nio-9090-exec-2] com.answern.zuul.filter.LoggerFilter     : ===LoggerFilter=====Print head information start ==================================
-2017-09-18 16:36:05.139 - INFO 912 --- [http-nio-9090-exec-2] com.answern.zuul.filter.LoggerFilter     : host:localhost:9090
-2017-09-18 16:36:05.139 - INFO 912 --- [http-nio-9090-exec-2] com.answern.zuul.filter.LoggerFilter     : connection:keep-alive
-2017-09-18 16:36:05.139 - INFO 912 --- [http-nio-9090-exec-2] com.answern.zuul.filter.LoggerFilter     : cache-control:max-age=0
-2017-09-18 16:36:05.139 - INFO 912 --- [http-nio-9090-exec-2] com.answern.zuul.filter.LoggerFilter     : user-agent:Mozilla/5.0 (Windows NT 10.0; Win64; x64) AppleWebKit/537.36 (KHTML, like Gecko) Chrome/61.0.3163.91 Safari/537.36
-2017-09-18 16:36:05.139 - INFO 912 --- [http-nio-9090-exec-2] com.answern.zuul.filter.LoggerFilter     : upgrade-insecure-requests:1
-2017-09-18 16:36:05.139 - INFO 912 --- [http-nio-9090-exec-2] com.answern.zuul.filter.LoggerFilter     : accept:text/html,application/xhtml+xml,application/xml;q=0.9,image/webp,image/apng,*/*;q=0.8
-2017-09-18 16:36:05.139 - INFO 912 --- [http-nio-9090-exec-2] com.answern.zuul.filter.LoggerFilter     : accept-encoding:gzip, deflate, br
-2017-09-18 16:36:05.139 - INFO 912 --- [http-nio-9090-exec-2] com.answern.zuul.filter.LoggerFilter     : accept-language:zh-CN,zh;q=0.8
-2017-09-18 16:36:05.139 - INFO 912 --- [http-nio-9090-exec-2] com.answern.zuul.filter.LoggerFilter     : ===LoggerFilter===Print head information end ==================================
-2017-09-18 16:36:05.140 - INFO 912 --- [http-nio-9090-exec-2] com.answern.zuul.filter.XmlFilter        : XmlFilter fileType pre, request from http://localhost/api-b/demo/index?null,queryString==
-2017-09-18 16:36:05.140 - INFO 912 --- [http-nio-9090-exec-2] com.answern.zuul.filter.XmlFilter        : =======XmlFilter==Print head information start ==================================
-2017-09-18 16:36:05.140 - INFO 912 --- [http-nio-9090-exec-2] com.answern.zuul.filter.XmlFilter        : host:localhost:9090
-2017-09-18 16:36:05.140 - INFO 912 --- [http-nio-9090-exec-2] com.answern.zuul.filter.XmlFilter        : connection:keep-alive
-2017-09-18 16:36:05.140 - INFO 912 --- [http-nio-9090-exec-2] com.answern.zuul.filter.XmlFilter        : cache-control:max-age=0
-2017-09-18 16:36:05.140 - INFO 912 --- [http-nio-9090-exec-2] com.answern.zuul.filter.XmlFilter        : user-agent:Mozilla/5.0 (Windows NT 10.0; Win64; x64) AppleWebKit/537.36 (KHTML, like Gecko) Chrome/61.0.3163.91 Safari/537.36
-2017-09-18 16:36:05.140 - INFO 912 --- [http-nio-9090-exec-2] com.answern.zuul.filter.XmlFilter        : upgrade-insecure-requests:1
-2017-09-18 16:36:05.140 - INFO 912 --- [http-nio-9090-exec-2] com.answern.zuul.filter.XmlFilter        : accept:text/html,application/xhtml+xml,application/xml;q=0.9,image/webp,image/apng,*/*;q=0.8
-2017-09-18 16:36:05.140 - INFO 912 --- [http-nio-9090-exec-2] com.answern.zuul.filter.XmlFilter        : accept-encoding:gzip, deflate, br
-2017-09-18 16:36:05.140 - INFO 912 --- [http-nio-9090-exec-2] com.answern.zuul.filter.XmlFilter        : accept-language:zh-CN,zh;q=0.8
-2017-09-18 16:36:05.141 - INFO 912 --- [http-nio-9090-exec-2] com.answern.zuul.filter.XmlFilter        : =======XmlFilter===Print head information end ==================================
-2017-09-18 16:36:05.148 - INFO 912 --- [http-nio-9090-exec-2] com.answern.zuul.filter.LoggerFilter     : LoggerFilter Filter Type post, request from http://localhost/api-b/demo/index?null,queryString==
-2017-09-18 16:36:05.148 - INFO 912 --- [http-nio-9090-exec-2] com.answern.zuul.filter.LoggerFilter     : ===LoggerFilter=====Print head information start ==================================
-2017-09-18 16:36:05.148 - INFO 912 --- [http-nio-9090-exec-2] com.answern.zuul.filter.LoggerFilter     : host:localhost:9090
-2017-09-18 16:36:05.148 - INFO 912 --- [http-nio-9090-exec-2] com.answern.zuul.filter.LoggerFilter     : connection:keep-alive
-2017-09-18 16:36:05.149 - INFO 912 --- [http-nio-9090-exec-2] com.answern.zuul.filter.LoggerFilter     : cache-control:max-age=0
-2017-09-18 16:36:05.149 - INFO 912 --- [http-nio-9090-exec-2] com.answern.zuul.filter.LoggerFilter     : user-agent:Mozilla/5.0 (Windows NT 10.0; Win64; x64) AppleWebKit/537.36 (KHTML, like Gecko) Chrome/61.0.3163.91 Safari/537.36
-2017-09-18 16:36:05.149 - INFO 912 --- [http-nio-9090-exec-2] com.answern.zuul.filter.LoggerFilter     : upgrade-insecure-requests:1
-2017-09-18 16:36:05.149 - INFO 912 --- [http-nio-9090-exec-2] com.answern.zuul.filter.LoggerFilter     : accept:text/html,application/xhtml+xml,application/xml;q=0.9,image/webp,image/apng,*/*;q=0.8
-2017-09-18 16:36:05.149 - INFO 912 --- [http-nio-9090-exec-2] com.answern.zuul.filter.LoggerFilter     : accept-encoding:gzip, deflate, br
-2017-09-18 16:36:05.149 - INFO 912 --- [http-nio-9090-exec-2] com.answern.zuul.filter.LoggerFilter     : accept-language:zh-CN,zh;q=0.8
-2017-09-18 16:36:05.149 - INFO 912 --- [http-nio-9090-exec-2] com.answern.zuul.filter.LoggerFilter     : ===LoggerFilter===Print head information end ==================================
-